<?xml version="1.0" encoding="UTF-8"?>
<testsuite xmlns:xsi="http://www.w3.org/2001/XMLSchema-instance" xsi:noNamespaceSchemaLocation="https://maven.apache.org/surefire/maven-surefire-plugin/xsd/surefire-test-report-3.0.xsd" version="3.0" name="backend.BankingServiceTest" time="1.232" tests="3" errors="0" skipped="0" failures="0">
  <properties>
[...]
</properties>
  <testcase name="transferFailsWhenInsufficientFunds" classname="backend.BankingServiceTest" time="1.076">
    <system-out><![CDATA[Hibernate: 
    drop table if exists accounts cascade 
Hibernate: 
    drop table if exists transactions cascade 
Hibernate: 
    create table accounts (
        balance float(53) not null,
        account_holder varchar(255) not null,
        account_number varchar(255) not null,
        primary key (account_number)
    )
Hibernate: 
    create table transactions (
        amount float(53) not null,
        id bigint generated by default as identity,
        transaction_date timestamp(6) not null,
        recipient_id varchar(255) not null,
        sender_id varchar(255) not null,
        primary key (id)
    )
Hibernate: 
    alter table if exists transactions 
       add constraint FKdm2gweu70p7k2l1p2r1ee5xfr 
       foreign key (recipient_id) 
       references accounts
Hibernate: 
    alter table if exists transactions 
       add constraint FKep3ko5p4fdvnw79p1uhw2q6nf 
       foreign key (sender_id) 
       references accounts
Hibernate: 
    insert 
    into
        accounts
        (account_holder,balance,account_number) 
    values
        (?,?,?)
Hibernate: 
    insert 
    into
        accounts
        (account_holder,balance,account_number) 
    values
        (?,?,?)
Hibernate: 
    drop table if exists accounts cascade 
Hibernate: 
    drop table if exists transactions cascade 
]]></system-out>
    <system-err><![CDATA[Nov 08, 2025 12:13:48 PM org.hibernate.jpa.internal.util.LogHelper logPersistenceUnitInformation
INFO: HHH000204: Processing PersistenceUnitInfo [name: bankPU]
Nov 08, 2025 12:13:48 PM org.hibernate.Version logVersion
INFO: HHH000412: Hibernate ORM core version 6.2.7.Final
Nov 08, 2025 12:13:48 PM org.hibernate.cfg.Environment <clinit>
INFO: HHH000406: Using bytecode reflection optimizer
Nov 08, 2025 12:13:48 PM org.hibernate.engine.jdbc.connections.internal.DriverManagerConnectionProviderImpl configure
WARN: HHH10001002: Using built-in connection pool (not intended for production use)
Nov 08, 2025 12:13:48 PM org.hibernate.engine.jdbc.connections.internal.DriverManagerConnectionProviderImpl buildCreator
INFO: HHH10001005: Loaded JDBC driver class: org.h2.Driver
Nov 08, 2025 12:13:48 PM org.hibernate.engine.jdbc.connections.internal.DriverManagerConnectionProviderImpl buildCreator
INFO: HHH10001012: Connecting with JDBC URL [jdbc:h2:~/bankdb;DB_CLOSE_DELAY=-1]
Nov 08, 2025 12:13:48 PM org.hibernate.engine.jdbc.connections.internal.DriverManagerConnectionProviderImpl buildCreator
INFO: HHH10001001: Connection properties: {password=****, user=sa}
Nov 08, 2025 12:13:48 PM org.hibernate.engine.jdbc.connections.internal.DriverManagerConnectionProviderImpl buildCreator
INFO: HHH10001003: Autocommit mode: false
Nov 08, 2025 12:13:48 PM org.hibernate.engine.jdbc.connections.internal.DriverManagerConnectionProviderImpl$PooledConnections <init>
INFO: HHH10001115: Connection pool size: 20 (min=1)
Nov 08, 2025 12:13:48 PM org.hibernate.bytecode.internal.BytecodeProviderInitiator buildBytecodeProvider
INFO: HHH000021: Bytecode provider name : bytebuddy
Nov 08, 2025 12:13:49 PM org.hibernate.engine.transaction.jta.platform.internal.JtaPlatformInitiator initiateService
INFO: HHH000490: Using JtaPlatform implementation: [org.hibernate.engine.transaction.jta.platform.internal.NoJtaPlatform]
Nov 08, 2025 12:13:49 PM org.hibernate.resource.transaction.backend.jdbc.internal.DdlTransactionIsolatorNonJtaImpl getIsolatedConnection
INFO: HHH10001501: Connection obtained from JdbcConnectionAccess [org.hibernate.engine.jdbc.env.internal.JdbcEnvironmentInitiator$ConnectionProviderJdbcConnectionAccess@2d313c8c] for (non-JTA) DDL execution was not in auto-commit mode; the Connection 'local transaction' will be committed and the Connection will be set into auto-commit mode.
Nov 08, 2025 12:13:49 PM org.hibernate.resource.transaction.backend.jdbc.internal.DdlTransactionIsolatorNonJtaImpl getIsolatedConnection
INFO: HHH10001501: Connection obtained from JdbcConnectionAccess [org.hibernate.engine.jdbc.env.internal.JdbcEnvironmentInitiator$ConnectionProviderJdbcConnectionAccess@5b2b8d86] for (non-JTA) DDL execution was not in auto-commit mode; the Connection 'local transaction' will be committed and the Connection will be set into auto-commit mode.
Nov 08, 2025 12:13:49 PM org.hibernate.resource.transaction.backend.jdbc.internal.DdlTransactionIsolatorNonJtaImpl getIsolatedConnection
INFO: HHH10001501: Connection obtained from JdbcConnectionAccess [org.hibernate.engine.jdbc.env.internal.JdbcEnvironmentInitiator$ConnectionProviderJdbcConnectionAccess@56fda064] for (non-JTA) DDL execution was not in auto-commit mode; the Connection 'local transaction' will be committed and the Connection will be set into auto-commit mode.
Nov 08, 2025 12:13:49 PM org.hibernate.engine.jdbc.connections.internal.DriverManagerConnectionProviderImpl$PoolState stop
INFO: HHH10001008: Cleaning up connection pool [jdbc:h2:~/bankdb;DB_CLOSE_DELAY=-1]
]]></system-err>
  </testcase>
  <testcase name="transferMovesMoneyBetweenAccounts" classname="backend.BankingServiceTest" time="0.078">
    <system-out><![CDATA[Hibernate: 
    drop table if exists accounts cascade 
Hibernate: 
    drop table if exists transactions cascade 
Hibernate: 
    create table accounts (
        balance float(53) not null,
        account_holder varchar(255) not null,
        account_number varchar(255) not null,
        primary key (account_number)
    )
Hibernate: 
    create table transactions (
        amount float(53) not null,
        id bigint generated by default as identity,
        transaction_date timestamp(6) not null,
        recipient_id varchar(255) not null,
        sender_id varchar(255) not null,
        primary key (id)
    )
Hibernate: 
    alter table if exists transactions 
       add constraint FKdm2gweu70p7k2l1p2r1ee5xfr 
       foreign key (recipient_id) 
       references accounts
Hibernate: 
    alter table if exists transactions 
       add constraint FKep3ko5p4fdvnw79p1uhw2q6nf 
       foreign key (sender_id) 
       references accounts
Hibernate: 
    insert 
    into
        accounts
        (account_holder,balance,account_number) 
    values
        (?,?,?)
Hibernate: 
    insert 
    into
        accounts
        (account_holder,balance,account_number) 
    values
        (?,?,?)
Hibernate: 
    update
        accounts 
    set
        account_holder=?,
        balance=? 
    where
        account_number=?
Hibernate: 
    update
        accounts 
    set
        account_holder=?,
        balance=? 
    where
        account_number=?
Hibernate: 
    drop table if exists accounts cascade 
Hibernate: 
    drop table if exists transactions cascade 
]]></system-out>
    <system-err><![CDATA[Nov 08, 2025 12:13:49 PM org.hibernate.jpa.internal.util.LogHelper logPersistenceUnitInformation
INFO: HHH000204: Processing PersistenceUnitInfo [name: bankPU]
Nov 08, 2025 12:13:49 PM org.hibernate.engine.jdbc.connections.internal.DriverManagerConnectionProviderImpl configure
WARN: HHH10001002: Using built-in connection pool (not intended for production use)
Nov 08, 2025 12:13:49 PM org.hibernate.engine.jdbc.connections.internal.DriverManagerConnectionProviderImpl buildCreator
INFO: HHH10001005: Loaded JDBC driver class: org.h2.Driver
Nov 08, 2025 12:13:49 PM org.hibernate.engine.jdbc.connections.internal.DriverManagerConnectionProviderImpl buildCreator
INFO: HHH10001012: Connecting with JDBC URL [jdbc:h2:~/bankdb;DB_CLOSE_DELAY=-1]
Nov 08, 2025 12:13:49 PM org.hibernate.engine.jdbc.connections.internal.DriverManagerConnectionProviderImpl buildCreator
INFO: HHH10001001: Connection properties: {password=****, user=sa}
Nov 08, 2025 12:13:49 PM org.hibernate.engine.jdbc.connections.internal.DriverManagerConnectionProviderImpl buildCreator
INFO: HHH10001003: Autocommit mode: false
Nov 08, 2025 12:13:49 PM org.hibernate.engine.jdbc.connections.internal.DriverManagerConnectionProviderImpl$PooledConnections <init>
INFO: HHH10001115: Connection pool size: 20 (min=1)
Nov 08, 2025 12:13:49 PM org.hibernate.bytecode.internal.BytecodeProviderInitiator buildBytecodeProvider
INFO: HHH000021: Bytecode provider name : bytebuddy
Nov 08, 2025 12:13:49 PM org.hibernate.engine.transaction.jta.platform.internal.JtaPlatformInitiator initiateService
INFO: HHH000490: Using JtaPlatform implementation: [org.hibernate.engine.transaction.jta.platform.internal.NoJtaPlatform]
Nov 08, 2025 12:13:49 PM org.hibernate.resource.transaction.backend.jdbc.internal.DdlTransactionIsolatorNonJtaImpl getIsolatedConnection
INFO: HHH10001501: Connection obtained from JdbcConnectionAccess [org.hibernate.engine.jdbc.env.internal.JdbcEnvironmentInitiator$ConnectionProviderJdbcConnectionAccess@5b742bc8] for (non-JTA) DDL execution was not in auto-commit mode; the Connection 'local transaction' will be committed and the Connection will be set into auto-commit mode.
Nov 08, 2025 12:13:49 PM org.hibernate.resource.transaction.backend.jdbc.internal.DdlTransactionIsolatorNonJtaImpl getIsolatedConnection
INFO: HHH10001501: Connection obtained from JdbcConnectionAccess [org.hibernate.engine.jdbc.env.internal.JdbcEnvironmentInitiator$ConnectionProviderJdbcConnectionAccess@74fb5b59] for (non-JTA) DDL execution was not in auto-commit mode; the Connection 'local transaction' will be committed and the Connection will be set into auto-commit mode.
Nov 08, 2025 12:13:49 PM org.hibernate.resource.transaction.backend.jdbc.internal.DdlTransactionIsolatorNonJtaImpl getIsolatedConnection
INFO: HHH10001501: Connection obtained from JdbcConnectionAccess [org.hibernate.engine.jdbc.env.internal.JdbcEnvironmentInitiator$ConnectionProviderJdbcConnectionAccess@167a21b] for (non-JTA) DDL execution was not in auto-commit mode; the Connection 'local transaction' will be committed and the Connection will be set into auto-commit mode.
Nov 08, 2025 12:13:49 PM org.hibernate.engine.jdbc.connections.internal.DriverManagerConnectionProviderImpl$PoolState stop
INFO: HHH10001008: Cleaning up connection pool [jdbc:h2:~/bankdb;DB_CLOSE_DELAY=-1]
]]></system-err>
  </testcase>
  <testcase name="createAccountStoresInitialBalance" classname="backend.BankingServiceTest" time="0.062">
    <system-out><![CDATA[Hibernate: 
    drop table if exists accounts cascade 
Hibernate: 
    drop table if exists transactions cascade 
Hibernate: 
    create table accounts (
        balance float(53) not null,
        account_holder varchar(255) not null,
        account_number varchar(255) not null,
        primary key (account_number)
    )
Hibernate: 
    create table transactions (
        amount float(53) not null,
        id bigint generated by default as identity,
        transaction_date timestamp(6) not null,
        recipient_id varchar(255) not null,
        sender_id varchar(255) not null,
        primary key (id)
    )
Hibernate: 
    alter table if exists transactions 
       add constraint FKdm2gweu70p7k2l1p2r1ee5xfr 
       foreign key (recipient_id) 
       references accounts
Hibernate: 
    alter table if exists transactions 
       add constraint FKep3ko5p4fdvnw79p1uhw2q6nf 
       foreign key (sender_id) 
       references accounts
Hibernate: 
    insert 
    into
        accounts
        (account_holder,balance,account_number) 
    values
        (?,?,?)
Hibernate: 
    drop table if exists accounts cascade 
Hibernate: 
    drop table if exists transactions cascade 
]]></system-out>
    <system-err><![CDATA[Nov 08, 2025 12:13:49 PM org.hibernate.jpa.internal.util.LogHelper logPersistenceUnitInformation
INFO: HHH000204: Processing PersistenceUnitInfo [name: bankPU]
Nov 08, 2025 12:13:49 PM org.hibernate.engine.jdbc.connections.internal.DriverManagerConnectionProviderImpl configure
WARN: HHH10001002: Using built-in connection pool (not intended for production use)
Nov 08, 2025 12:13:49 PM org.hibernate.engine.jdbc.connections.internal.DriverManagerConnectionProviderImpl buildCreator
INFO: HHH10001005: Loaded JDBC driver class: org.h2.Driver
Nov 08, 2025 12:13:49 PM org.hibernate.engine.jdbc.connections.internal.DriverManagerConnectionProviderImpl buildCreator
INFO: HHH10001012: Connecting with JDBC URL [jdbc:h2:~/bankdb;DB_CLOSE_DELAY=-1]
Nov 08, 2025 12:13:49 PM org.hibernate.engine.jdbc.connections.internal.DriverManagerConnectionProviderImpl buildCreator
INFO: HHH10001001: Connection properties: {password=****, user=sa}
Nov 08, 2025 12:13:49 PM org.hibernate.engine.jdbc.connections.internal.DriverManagerConnectionProviderImpl buildCreator
INFO: HHH10001003: Autocommit mode: false
Nov 08, 2025 12:13:49 PM org.hibernate.engine.jdbc.connections.internal.DriverManagerConnectionProviderImpl$PooledConnections <init>
INFO: HHH10001115: Connection pool size: 20 (min=1)
Nov 08, 2025 12:13:49 PM org.hibernate.bytecode.internal.BytecodeProviderInitiator buildBytecodeProvider
INFO: HHH000021: Bytecode provider name : bytebuddy
Nov 08, 2025 12:13:49 PM org.hibernate.engine.transaction.jta.platform.internal.JtaPlatformInitiator initiateService
INFO: HHH000490: Using JtaPlatform implementation: [org.hibernate.engine.transaction.jta.platform.internal.NoJtaPlatform]
Nov 08, 2025 12:13:49 PM org.hibernate.resource.transaction.backend.jdbc.internal.DdlTransactionIsolatorNonJtaImpl getIsolatedConnection
INFO: HHH10001501: Connection obtained from JdbcConnectionAccess [org.hibernate.engine.jdbc.env.internal.JdbcEnvironmentInitiator$ConnectionProviderJdbcConnectionAccess@50f4b83d] for (non-JTA) DDL execution was not in auto-commit mode; the Connection 'local transaction' will be committed and the Connection will be set into auto-commit mode.
Nov 08, 2025 12:13:49 PM org.hibernate.resource.transaction.backend.jdbc.internal.DdlTransactionIsolatorNonJtaImpl getIsolatedConnection
INFO: HHH10001501: Connection obtained from JdbcConnectionAccess [org.hibernate.engine.jdbc.env.internal.JdbcEnvironmentInitiator$ConnectionProviderJdbcConnectionAccess@10131289] for (non-JTA) DDL execution was not in auto-commit mode; the Connection 'local transaction' will be committed and the Connection will be set into auto-commit mode.
Nov 08, 2025 12:13:49 PM org.hibernate.resource.transaction.backend.jdbc.internal.DdlTransactionIsolatorNonJtaImpl getIsolatedConnection
INFO: HHH10001501: Connection obtained from JdbcConnectionAccess [org.hibernate.engine.jdbc.env.internal.JdbcEnvironmentInitiator$ConnectionProviderJdbcConnectionAccess@30036a18] for (non-JTA) DDL execution was not in auto-commit mode; the Connection 'local transaction' will be committed and the Connection will be set into auto-commit mode.
Nov 08, 2025 12:13:49 PM org.hibernate.engine.jdbc.connections.internal.DriverManagerConnectionProviderImpl$PoolState stop
INFO: HHH10001008: Cleaning up connection pool [jdbc:h2:~/bankdb;DB_CLOSE_DELAY=-1]
]]></system-err>
  </testcase>
</testsuite>